This file contains any messages produced by compilers while
running configure, to aid debugging if configure makes a mistake.

It was created by TurboParser configure 2.1.0, which was
generated by GNU Autoconf 2.68.  Invocation command line was

  $ ./configure 

## --------- ##
## Platform. ##
## --------- ##

hostname = Emilys-MacBook-Pro-3.local
uname -m = x86_64
uname -r = 17.4.0
uname -s = Darwin
uname -v = Darwin Kernel Version 17.4.0: Sun Dec 17 09:19:54 PST 2017; root:xnu-4570.41.2~1/RELEASE_X86_64

/usr/bin/uname -p = i386
/bin/uname -X     = unknown

/bin/arch              = unknown
/usr/bin/arch -k       = unknown
/usr/convex/getsysinfo = unknown
/usr/bin/hostinfo      = Mach kernel version:
	 Darwin Kernel Version 17.4.0: Sun Dec 17 09:19:54 PST 2017; root:xnu-4570.41.2~1/RELEASE_X86_64
Kernel configured for up to 8 processors.
4 processors are physically available.
8 processors are logically available.
Processor type: x86_64h (Intel x86-64h Haswell)
Processors active: 0 1 2 3 4 5 6 7
Primary memory available: 8.00 gigabytes
Default processor set: 389 tasks, 2546 threads, 8 processors
Load average: 3.47, Mach factor: 4.52
/bin/machine           = unknown
/usr/bin/oslevel       = unknown
/bin/universe          = unknown

PATH: /Users/EmilyTseng/google-cloud-sdk/bin
PATH: /Users/EmilyTseng/anaconda/bin
PATH: /Library/Frameworks/Python.framework/Versions/2.7/bin
PATH: /Library/Frameworks/Python.framework/Versions/3.4/bin
PATH: /usr/local/bin
PATH: /usr/bin
PATH: /bin
PATH: /usr/sbin
PATH: /sbin
PATH: /usr/texbin
PATH: /opt/X11/bin
PATH: /usr/X11/bin
PATH: /Applications/Postgres.app/Contents/Versions/latest/bin
PATH: /usr/local/smlnj/bin
PATH: /home/user/bin


## ----------- ##
## Core tests. ##
## ----------- ##

configure:2270: checking for a BSD-compatible install
configure:2338: result: /usr/bin/install -c
configure:2349: checking whether build environment is sane
configure:2399: result: yes
configure:2540: checking for a thread-safe mkdir -p
configure:2579: result: ./install-sh -c -d
configure:2592: checking for gawk
configure:2622: result: no
configure:2592: checking for mawk
configure:2622: result: no
configure:2592: checking for nawk
configure:2622: result: no
configure:2592: checking for awk
configure:2608: found /usr/bin/awk
configure:2619: result: awk
configure:2630: checking whether make sets $(MAKE)
configure:2652: result: yes
configure:2785: checking for g++
configure:2801: found /usr/bin/g++
configure:2812: result: g++
configure:2839: checking for C++ compiler version
configure:2848: g++ --version >&5
Apple LLVM version 9.1.0 (clang-902.0.39.1)
Target: x86_64-apple-darwin17.4.0
Thread model: posix
InstalledDir: /Applications/Xcode.app/Contents/Developer/Toolchains/XcodeDefault.xctoolchain/usr/bin
Configured with: --prefix=/Applications/Xcode.app/Contents/Developer/usr --with-gxx-include-dir=/Applications/Xcode.app/Contents/Developer/Platforms/MacOSX.platform/Developer/SDKs/MacOSX10.13.sdk/usr/include/c++/4.2.1
configure:2859: $? = 0
configure:2848: g++ -v >&5
Configured with: --prefix=/Applications/Xcode.app/Contents/Developer/usr --with-gxx-include-dir=/Applications/Xcode.app/Contents/Developer/Platforms/MacOSX.platform/Developer/SDKs/MacOSX10.13.sdk/usr/include/c++/4.2.1
Apple LLVM version 9.1.0 (clang-902.0.39.1)
Target: x86_64-apple-darwin17.4.0
Thread model: posix
InstalledDir: /Applications/Xcode.app/Contents/Developer/Toolchains/XcodeDefault.xctoolchain/usr/bin
configure:2859: $? = 0
configure:2848: g++ -V >&5
clang: error: argument to '-V' is missing (expected 1 value)
clang: error: no input files
configure:2859: $? = 1
configure:2848: g++ -qversion >&5
clang: error: unknown argument: '-qversion'
clang: error: no input files
configure:2859: $? = 1
configure:2879: checking whether the C++ compiler works
configure:2901: g++    conftest.cpp  >&5
configure:2905: $? = 0
configure:2953: result: yes
configure:2956: checking for C++ compiler default output file name
configure:2958: result: a.out
configure:2964: checking for suffix of executables
configure:2971: g++ -o conftest    conftest.cpp  >&5
configure:2975: $? = 0
configure:2997: result: 
configure:3019: checking whether we are cross compiling
configure:3027: g++ -o conftest    conftest.cpp  >&5
configure:3031: $? = 0
configure:3038: ./conftest
configure:3042: $? = 0
configure:3057: result: no
configure:3062: checking for suffix of object files
configure:3084: g++ -c   conftest.cpp >&5
configure:3088: $? = 0
configure:3109: result: o
configure:3113: checking whether we are using the GNU C++ compiler
configure:3132: g++ -c   conftest.cpp >&5
configure:3132: $? = 0
configure:3141: result: yes
configure:3150: checking whether g++ accepts -g
configure:3170: g++ -c -g  conftest.cpp >&5
configure:3170: $? = 0
configure:3211: result: yes
configure:3245: checking for style of include used by make
configure:3273: result: GNU
configure:3299: checking dependency style of g++
configure:3410: result: gcc3
configure:3473: checking for gcc
configure:3489: found /usr/bin/gcc
configure:3500: result: gcc
configure:3729: checking for C compiler version
configure:3738: gcc --version >&5
Apple LLVM version 9.1.0 (clang-902.0.39.1)
Target: x86_64-apple-darwin17.4.0
Thread model: posix
InstalledDir: /Applications/Xcode.app/Contents/Developer/Toolchains/XcodeDefault.xctoolchain/usr/bin
Configured with: --prefix=/Applications/Xcode.app/Contents/Developer/usr --with-gxx-include-dir=/Applications/Xcode.app/Contents/Developer/Platforms/MacOSX.platform/Developer/SDKs/MacOSX10.13.sdk/usr/include/c++/4.2.1
configure:3749: $? = 0
configure:3738: gcc -v >&5
Configured with: --prefix=/Applications/Xcode.app/Contents/Developer/usr --with-gxx-include-dir=/Applications/Xcode.app/Contents/Developer/Platforms/MacOSX.platform/Developer/SDKs/MacOSX10.13.sdk/usr/include/c++/4.2.1
Apple LLVM version 9.1.0 (clang-902.0.39.1)
Target: x86_64-apple-darwin17.4.0
Thread model: posix
InstalledDir: /Applications/Xcode.app/Contents/Developer/Toolchains/XcodeDefault.xctoolchain/usr/bin
configure:3749: $? = 0
configure:3738: gcc -V >&5
clang: error: argument to '-V' is missing (expected 1 value)
clang: error: no input files
configure:3749: $? = 1
configure:3738: gcc -qversion >&5
clang: error: unknown argument: '-qversion'
clang: error: no input files
configure:3749: $? = 1
configure:3753: checking whether we are using the GNU C compiler
configure:3772: gcc -c   conftest.c >&5
configure:3772: $? = 0
configure:3781: result: yes
configure:3790: checking whether gcc accepts -g
configure:3810: gcc -c -g  conftest.c >&5
configure:3810: $? = 0
configure:3851: result: yes
configure:3868: checking for gcc option to accept ISO C89
configure:3932: gcc  -c -g -O2  conftest.c >&5
configure:3932: $? = 0
configure:3945: result: none needed
configure:3967: checking dependency style of gcc
configure:4078: result: gcc3
configure:4141: checking how to run the C preprocessor
configure:4172: gcc -E -I../../deps/local/include -I/ad3 conftest.c
configure:4172: $? = 0
configure:4186: gcc -E -I../../deps/local/include -I/ad3 conftest.c
conftest.c:9:10: fatal error: 'ac_nonexistent.h' file not found
#include <ac_nonexistent.h>
         ^~~~~~~~~~~~~~~~~~
1 error generated.
configure:4186: $? = 1
configure: failed program was:
| /* confdefs.h */
| #define PACKAGE_NAME "TurboParser"
| #define PACKAGE_TARNAME "TurboParser"
| #define PACKAGE_VERSION "2.1.0"
| #define PACKAGE_STRING "TurboParser 2.1.0"
| #define PACKAGE_BUGREPORT "afm@cs.cmu.edu"
| #define PACKAGE_URL "http://www.ark.cs.cmu.edu/TurboParser/"
| /* end confdefs.h.  */
| #include <ac_nonexistent.h>
configure:4211: result: gcc -E
configure:4231: gcc -E -I../../deps/local/include -I/ad3 conftest.c
configure:4231: $? = 0
configure:4245: gcc -E -I../../deps/local/include -I/ad3 conftest.c
conftest.c:9:10: fatal error: 'ac_nonexistent.h' file not found
#include <ac_nonexistent.h>
         ^~~~~~~~~~~~~~~~~~
1 error generated.
configure:4245: $? = 1
configure: failed program was:
| /* confdefs.h */
| #define PACKAGE_NAME "TurboParser"
| #define PACKAGE_TARNAME "TurboParser"
| #define PACKAGE_VERSION "2.1.0"
| #define PACKAGE_STRING "TurboParser 2.1.0"
| #define PACKAGE_BUGREPORT "afm@cs.cmu.edu"
| #define PACKAGE_URL "http://www.ark.cs.cmu.edu/TurboParser/"
| /* end confdefs.h.  */
| #include <ac_nonexistent.h>
configure:4274: checking for grep that handles long lines and -e
configure:4332: result: /usr/bin/grep
configure:4337: checking for egrep
configure:4399: result: /usr/bin/grep -E
configure:4404: checking for ANSI C header files
configure:4424: gcc -c -g -O2 -I../../deps/local/include -I/ad3 conftest.c >&5
configure:4424: $? = 0
configure:4497: gcc -o conftest -g -O2 -I../../deps/local/include -I/ad3  conftest.c  >&5
configure:4497: $? = 0
configure:4497: ./conftest
configure:4497: $? = 0
configure:4508: result: yes
configure:4521: checking for sys/types.h
configure:4521: gcc -c -g -O2 -I../../deps/local/include -I/ad3 conftest.c >&5
configure:4521: $? = 0
configure:4521: result: yes
configure:4521: checking for sys/stat.h
configure:4521: gcc -c -g -O2 -I../../deps/local/include -I/ad3 conftest.c >&5
configure:4521: $? = 0
configure:4521: result: yes
configure:4521: checking for stdlib.h
configure:4521: gcc -c -g -O2 -I../../deps/local/include -I/ad3 conftest.c >&5
configure:4521: $? = 0
configure:4521: result: yes
configure:4521: checking for string.h
configure:4521: gcc -c -g -O2 -I../../deps/local/include -I/ad3 conftest.c >&5
configure:4521: $? = 0
configure:4521: result: yes
configure:4521: checking for memory.h
configure:4521: gcc -c -g -O2 -I../../deps/local/include -I/ad3 conftest.c >&5
configure:4521: $? = 0
configure:4521: result: yes
configure:4521: checking for strings.h
configure:4521: gcc -c -g -O2 -I../../deps/local/include -I/ad3 conftest.c >&5
configure:4521: $? = 0
configure:4521: result: yes
configure:4521: checking for inttypes.h
configure:4521: gcc -c -g -O2 -I../../deps/local/include -I/ad3 conftest.c >&5
configure:4521: $? = 0
configure:4521: result: yes
configure:4521: checking for stdint.h
configure:4521: gcc -c -g -O2 -I../../deps/local/include -I/ad3 conftest.c >&5
configure:4521: $? = 0
configure:4521: result: yes
configure:4521: checking for unistd.h
configure:4521: gcc -c -g -O2 -I../../deps/local/include -I/ad3 conftest.c >&5
configure:4521: $? = 0
configure:4521: result: yes
configure:4536: checking stddef.h usability
configure:4536: gcc -c -g -O2 -I../../deps/local/include -I/ad3 conftest.c >&5
configure:4536: $? = 0
configure:4536: result: yes
configure:4536: checking stddef.h presence
configure:4536: gcc -E -I../../deps/local/include -I/ad3 conftest.c
configure:4536: $? = 0
configure:4536: result: yes
configure:4536: checking for stddef.h
configure:4536: result: yes
configure:4536: checking for string.h
configure:4536: result: yes
configure:4536: checking sys/time.h usability
configure:4536: gcc -c -g -O2 -I../../deps/local/include -I/ad3 conftest.c >&5
configure:4536: $? = 0
configure:4536: result: yes
configure:4536: checking sys/time.h presence
configure:4536: gcc -E -I../../deps/local/include -I/ad3 conftest.c
configure:4536: $? = 0
configure:4536: result: yes
configure:4536: checking for sys/time.h
configure:4536: result: yes
configure:4548: checking for stdbool.h that conforms to C99
configure:4615: gcc -c -g -O2 -I../../deps/local/include -I/ad3 conftest.c >&5
conftest.c:71:12: warning: address of 's' will always evaluate to 'true' [-Wpointer-bool-conversion]
        bool e = &s;
             ~    ^
conftest.c:75:11: warning: address of array 'a' will always evaluate to 'true' [-Wpointer-bool-conversion]
        return (!a + !b + !c + !d + !e + !f + !g + !h + !i + !!j + !k + !!l
                ~^
conftest.c:75:16: warning: address of array 'b' will always evaluate to 'true' [-Wpointer-bool-conversion]
        return (!a + !b + !c + !d + !e + !f + !g + !h + !i + !!j + !k + !!l
                     ~^
conftest.c:75:21: warning: address of array 'c' will always evaluate to 'true' [-Wpointer-bool-conversion]
        return (!a + !b + !c + !d + !e + !f + !g + !h + !i + !!j + !k + !!l
                          ~^
conftest.c:75:26: warning: address of array 'd' will always evaluate to 'true' [-Wpointer-bool-conversion]
        return (!a + !b + !c + !d + !e + !f + !g + !h + !i + !!j + !k + !!l
                               ~^
conftest.c:75:36: warning: address of array 'f' will always evaluate to 'true' [-Wpointer-bool-conversion]
        return (!a + !b + !c + !d + !e + !f + !g + !h + !i + !!j + !k + !!l
                                         ~^
conftest.c:75:41: warning: address of array 'g' will always evaluate to 'true' [-Wpointer-bool-conversion]
        return (!a + !b + !c + !d + !e + !f + !g + !h + !i + !!j + !k + !!l
                                              ~^
conftest.c:75:46: warning: address of array 'h' will always evaluate to 'true' [-Wpointer-bool-conversion]
        return (!a + !b + !c + !d + !e + !f + !g + !h + !i + !!j + !k + !!l
                                                   ~^
conftest.c:75:51: warning: address of array 'i' will always evaluate to 'true' [-Wpointer-bool-conversion]
        return (!a + !b + !c + !d + !e + !f + !g + !h + !i + !!j + !k + !!l
                                                        ~^
conftest.c:76:11: warning: address of array 'n' will always evaluate to 'true' [-Wpointer-bool-conversion]
                       ~^
conftest.c:76:16: warning: address of array 'o' will always evaluate to 'true' [-Wpointer-bool-conversion]
                            ~^
conftest.c:76:21: warning: address of array 'p' will always evaluate to 'true' [-Wpointer-bool-conversion]
                                 ~^
12 warnings generated.
configure:4615: $? = 0
configure:4622: result: yes
configure:4624: checking for _Bool
configure:4624: gcc -c -g -O2 -I../../deps/local/include -I/ad3 conftest.c >&5
configure:4624: $? = 0
configure:4624: gcc -c -g -O2 -I../../deps/local/include -I/ad3 conftest.c >&5
conftest.c:58:20: error: expected expression
if (sizeof ((_Bool)))
                   ^
1 error generated.
configure:4624: $? = 1
configure: failed program was:
| /* confdefs.h */
| #define PACKAGE_NAME "TurboParser"
| #define PACKAGE_TARNAME "TurboParser"
| #define PACKAGE_VERSION "2.1.0"
| #define PACKAGE_STRING "TurboParser 2.1.0"
| #define PACKAGE_BUGREPORT "afm@cs.cmu.edu"
| #define PACKAGE_URL "http://www.ark.cs.cmu.edu/TurboParser/"
| #define STDC_HEADERS 1
| #define HAVE_SYS_TYPES_H 1
| #define HAVE_SYS_STAT_H 1
| #define HAVE_STDLIB_H 1
| #define HAVE_STRING_H 1
| #define HAVE_MEMORY_H 1
| #define HAVE_STRINGS_H 1
| #define HAVE_INTTYPES_H 1
| #define HAVE_STDINT_H 1
| #define HAVE_UNISTD_H 1
| #define HAVE_STDDEF_H 1
| #define HAVE_STRING_H 1
| #define HAVE_SYS_TIME_H 1
| /* end confdefs.h.  */
| #include <stdio.h>
| #ifdef HAVE_SYS_TYPES_H
| # include <sys/types.h>
| #endif
| #ifdef HAVE_SYS_STAT_H
| # include <sys/stat.h>
| #endif
| #ifdef STDC_HEADERS
| # include <stdlib.h>
| # include <stddef.h>
| #else
| # ifdef HAVE_STDLIB_H
| #  include <stdlib.h>
| # endif
| #endif
| #ifdef HAVE_STRING_H
| # if !defined STDC_HEADERS && defined HAVE_MEMORY_H
| #  include <memory.h>
| # endif
| # include <string.h>
| #endif
| #ifdef HAVE_STRINGS_H
| # include <strings.h>
| #endif
| #ifdef HAVE_INTTYPES_H
| # include <inttypes.h>
| #endif
| #ifdef HAVE_STDINT_H
| # include <stdint.h>
| #endif
| #ifdef HAVE_UNISTD_H
| # include <unistd.h>
| #endif
| int
| main ()
| {
| if (sizeof ((_Bool)))
| 	    return 0;
|   ;
|   return 0;
| }
configure:4624: result: yes
configure:4640: checking for inline
configure:4656: gcc -c -g -O2 -I../../deps/local/include -I/ad3 conftest.c >&5
configure:4656: $? = 0
configure:4664: result: inline
configure:4686: checking for gettimeofday
configure:4686: gcc -o conftest -g -O2 -I../../deps/local/include -I/ad3  conftest.c  >&5
configure:4686: $? = 0
configure:4686: result: yes
configure:4836: creating ./config.status

## ---------------------- ##
## Running config.status. ##
## ---------------------- ##

This file was extended by TurboParser config.status 2.1.0, which was
generated by GNU Autoconf 2.68.  Invocation command line was

  CONFIG_FILES    = 
  CONFIG_HEADERS  = 
  CONFIG_LINKS    = 
  CONFIG_COMMANDS = 
  $ ./config.status 

on Emilys-MacBook-Pro-3.local

config.status:876: creating Makefile
config.status:876: creating src/tagger/Makefile
config.status:876: creating src/parser/Makefile
config.status:876: creating config.h
config.status:1057: config.h is unchanged
config.status:1105: executing depfiles commands

## ---------------- ##
## Cache variables. ##
## ---------------- ##

ac_cv_c_compiler_gnu=yes
ac_cv_c_inline=inline
ac_cv_cxx_compiler_gnu=yes
ac_cv_env_CCC_set=
ac_cv_env_CCC_value=
ac_cv_env_CC_set=
ac_cv_env_CC_value=
ac_cv_env_CFLAGS_set=
ac_cv_env_CFLAGS_value=
ac_cv_env_CPPFLAGS_set=
ac_cv_env_CPPFLAGS_value=
ac_cv_env_CPP_set=
ac_cv_env_CPP_value=
ac_cv_env_CXXFLAGS_set=
ac_cv_env_CXXFLAGS_value=
ac_cv_env_CXX_set=
ac_cv_env_CXX_value=
ac_cv_env_LDFLAGS_set=
ac_cv_env_LDFLAGS_value=
ac_cv_env_LIBS_set=
ac_cv_env_LIBS_value=
ac_cv_env_build_alias_set=
ac_cv_env_build_alias_value=
ac_cv_env_host_alias_set=
ac_cv_env_host_alias_value=
ac_cv_env_target_alias_set=
ac_cv_env_target_alias_value=
ac_cv_func_gettimeofday=yes
ac_cv_header_inttypes_h=yes
ac_cv_header_memory_h=yes
ac_cv_header_stdbool_h=yes
ac_cv_header_stdc=yes
ac_cv_header_stddef_h=yes
ac_cv_header_stdint_h=yes
ac_cv_header_stdlib_h=yes
ac_cv_header_string_h=yes
ac_cv_header_strings_h=yes
ac_cv_header_sys_stat_h=yes
ac_cv_header_sys_time_h=yes
ac_cv_header_sys_types_h=yes
ac_cv_header_unistd_h=yes
ac_cv_objext=o
ac_cv_path_EGREP='/usr/bin/grep -E'
ac_cv_path_GREP=/usr/bin/grep
ac_cv_path_install='/usr/bin/install -c'
ac_cv_prog_AWK=awk
ac_cv_prog_CPP='gcc -E'
ac_cv_prog_ac_ct_CC=gcc
ac_cv_prog_ac_ct_CXX=g++
ac_cv_prog_cc_c89=
ac_cv_prog_cc_g=yes
ac_cv_prog_cxx_g=yes
ac_cv_prog_make_make_set=yes
ac_cv_type__Bool=yes
am_cv_CC_dependencies_compiler_type=gcc3
am_cv_CXX_dependencies_compiler_type=gcc3

## ----------------- ##
## Output variables. ##
## ----------------- ##

ACLOCAL='${SHELL} /Users/EmilyTseng/nlp_sp18/final-exam-etjl/TweeboParser/TBParser/missing --run aclocal-1.11'
AMDEPBACKSLASH='\'
AMDEP_FALSE='#'
AMDEP_TRUE=''
AMTAR='$${TAR-tar}'
AUTOCONF='${SHELL} /Users/EmilyTseng/nlp_sp18/final-exam-etjl/TweeboParser/TBParser/missing --run autoconf'
AUTOHEADER='${SHELL} /Users/EmilyTseng/nlp_sp18/final-exam-etjl/TweeboParser/TBParser/missing --run autoheader'
AUTOMAKE='${SHELL} /Users/EmilyTseng/nlp_sp18/final-exam-etjl/TweeboParser/TBParser/missing --run automake-1.11'
AWK='awk'
CC='gcc'
CCDEPMODE='depmode=gcc3'
CFLAGS='-g -O2'
CPP='gcc -E'
CPPFLAGS='-I../../deps/local/include -I/ad3'
CXX='g++'
CXXDEPMODE='depmode=gcc3'
CXXFLAGS='-g -O2 -std=c++11'
CYGPATH_W='echo'
DEBUG_FALSE=''
DEBUG_TRUE='#'
DEFS='-DHAVE_CONFIG_H'
DEPDIR='.deps'
ECHO_C='\c'
ECHO_N=''
ECHO_T=''
EGREP='/usr/bin/grep -E'
EXEEXT=''
GREP='/usr/bin/grep'
INSTALL_DATA='${INSTALL} -m 644'
INSTALL_PROGRAM='${INSTALL}'
INSTALL_SCRIPT='${INSTALL}'
INSTALL_STRIP_PROGRAM='$(install_sh) -c -s'
LDFLAGS=''
LFLAGS='-L../../deps/local/lib -lad3 -lgflags -lglog'
LIBOBJS=''
LIBS=''
LTLIBOBJS=''
MAKEINFO='${SHELL} /Users/EmilyTseng/nlp_sp18/final-exam-etjl/TweeboParser/TBParser/missing --run makeinfo'
MKDIR_P='./install-sh -c -d'
OBJEXT='o'
PACKAGE='TurboParser'
PACKAGE_BUGREPORT='afm@cs.cmu.edu'
PACKAGE_NAME='TurboParser'
PACKAGE_STRING='TurboParser 2.1.0'
PACKAGE_TARNAME='TurboParser'
PACKAGE_URL='http://www.ark.cs.cmu.edu/TurboParser/'
PACKAGE_VERSION='2.1.0'
PATH_SEPARATOR=':'
SET_MAKE=''
SHELL='/bin/sh'
STRIP=''
VERSION='2.1.0'
ac_ct_CC='gcc'
ac_ct_CXX='g++'
am__EXEEXT_FALSE=''
am__EXEEXT_TRUE='#'
am__fastdepCC_FALSE='#'
am__fastdepCC_TRUE=''
am__fastdepCXX_FALSE='#'
am__fastdepCXX_TRUE=''
am__include='include'
am__isrc=''
am__leading_dot='.'
am__nodep='_no'
am__quote=''
am__tar='$${TAR-tar} chof - "$$tardir"'
am__untar='$${TAR-tar} xf -'
bindir='${exec_prefix}/bin'
build_alias=''
datadir='${datarootdir}'
datarootdir='${prefix}/share'
docdir='${datarootdir}/doc/${PACKAGE_TARNAME}'
dvidir='${docdir}'
exec_prefix='${prefix}'
host_alias=''
htmldir='${docdir}'
includedir='${prefix}/include'
infodir='${datarootdir}/info'
install_sh='${SHELL} /Users/EmilyTseng/nlp_sp18/final-exam-etjl/TweeboParser/TBParser/install-sh'
libdir='${exec_prefix}/lib'
libexecdir='${exec_prefix}/libexec'
localedir='${datarootdir}/locale'
localstatedir='${prefix}/var'
mandir='${datarootdir}/man'
mkdir_p='$(top_builddir)/./install-sh -c -d'
oldincludedir='/usr/include'
pdfdir='${docdir}'
prefix='/usr/local'
program_transform_name='s,x,x,'
psdir='${docdir}'
sbindir='${exec_prefix}/sbin'
sharedstatedir='${prefix}/com'
sysconfdir='${prefix}/etc'
target_alias=''

## ----------- ##
## confdefs.h. ##
## ----------- ##

/* confdefs.h */
#define PACKAGE_NAME "TurboParser"
#define PACKAGE_TARNAME "TurboParser"
#define PACKAGE_VERSION "2.1.0"
#define PACKAGE_STRING "TurboParser 2.1.0"
#define PACKAGE_BUGREPORT "afm@cs.cmu.edu"
#define PACKAGE_URL "http://www.ark.cs.cmu.edu/TurboParser/"
#define STDC_HEADERS 1
#define HAVE_SYS_TYPES_H 1
#define HAVE_SYS_STAT_H 1
#define HAVE_STDLIB_H 1
#define HAVE_STRING_H 1
#define HAVE_MEMORY_H 1
#define HAVE_STRINGS_H 1
#define HAVE_INTTYPES_H 1
#define HAVE_STDINT_H 1
#define HAVE_UNISTD_H 1
#define HAVE_STDDEF_H 1
#define HAVE_STRING_H 1
#define HAVE_SYS_TIME_H 1
#define HAVE__BOOL 1
#define HAVE_STDBOOL_H 1
#define HAVE_GETTIMEOFDAY 1

configure: exit 0

## ---------------------- ##
## Running config.status. ##
## ---------------------- ##

This file was extended by TurboParser config.status 2.1.0, which was
generated by GNU Autoconf 2.68.  Invocation command line was

  CONFIG_FILES    = 
  CONFIG_HEADERS  = 
  CONFIG_LINKS    = 
  CONFIG_COMMANDS = 
  $ ./config.status 

on Emilys-MacBook-Pro-3.local

config.status:876: creating Makefile
config.status:876: creating src/tagger/Makefile
config.status:876: creating src/parser/Makefile
config.status:876: creating config.h
config.status:1057: config.h is unchanged
config.status:1105: executing depfiles commands
