1	@paulwalk	_	@	@	_	0	_	_	_
2	It's	_	L	L	_	0	_	_	_
3	the	_	D	D	_	0	_	_	_
4	view	_	N	N	_	0	_	_	_
5	from	_	P	P	_	0	_	_	_
6	where	_	R	R	_	0	_	_	_
7	I'm	_	L	L	_	0	_	_	_
8	living	_	V	V	_	0	_	_	_
9	for	_	P	P	_	0	_	_	_
10	two	_	$	$	_	0	_	_	_
11	weeks	_	N	N	_	0	_	_	_
12	.	_	,	,	_	0	_	_	_
13	Empire	_	^	^	_	0	_	_	_
14	State	_	^	^	_	0	_	_	_
15	Building	_	N	N	_	0	_	_	_
16	=	_	,	,	_	0	_	_	_
17	ESB	_	^	^	_	0	_	_	_
18	.	_	,	,	_	0	_	_	_
19	Pretty	_	R	R	_	0	_	_	_
20	bad	_	A	A	_	0	_	_	_
21	storm	_	N	N	_	0	_	_	_
22	here	_	R	R	_	0	_	_	_
23	last	_	A	A	_	0	_	_	_
24	evening	_	N	N	_	0	_	_	_
25	.	_	,	,	_	0	_	_	_

